{"C:\\Users\\abdie\\OneDrive\\Escritorio\\UDEMY\\Lógica de Programación II\\test\\exerciseTest\\exerciseTest.js": {"path":"C:\\Users\\abdie\\OneDrive\\Escritorio\\UDEMY\\Lógica de Programación II\\test\\exerciseTest\\exerciseTest.js","all":false,"statementMap":{"0":{"start":{"line":1,"column":0},"end":{"line":1,"column":33}},"1":{"start":{"line":2,"column":0},"end":{"line":2,"column":64}},"2":{"start":{"line":3,"column":0},"end":{"line":3,"column":66}},"3":{"start":{"line":4,"column":0},"end":{"line":4,"column":1}},"4":{"start":{"line":5,"column":0},"end":{"line":5,"column":0}},"5":{"start":{"line":6,"column":0},"end":{"line":6,"column":27}}},"s":{"0":2,"1":2,"2":2,"3":2,"4":1,"5":1},"branchMap":{"0":{"type":"branch","line":1,"loc":{"start":{"line":1,"column":0},"end":{"line":4,"column":1}},"locations":[{"start":{"line":1,"column":0},"end":{"line":4,"column":1}}]}},"b":{"0":[2]},"fnMap":{"0":{"name":"palindrome","decl":{"start":{"line":1,"column":0},"end":{"line":4,"column":1}},"loc":{"start":{"line":1,"column":0},"end":{"line":4,"column":1}},"line":1}},"f":{"0":2}}
}
